20:13:29. INFO  manager.ApplicationManager - Config file is -->config2
20:13:42. INFO  manager.ApplicationManager - Base url is -->https://trello.com
20:13:44. INFO  manager.MyListener - Start search element by locator --->By.cssSelector: button[data-testid='header-member-menu-button']
20:13:49. INFO  manager.MyListener - The element with locator --->By.cssSelector: button[data-testid='header-member-menu-button']was found
20:13:49. INFO  manager.ApplicationManager - I used email -->21taya21@gmail.com
20:13:49. INFO  manager.ApplicationManager - I used password -->Hatum21$
20:13:51. INFO  manager.MyListener - Start search element by locator --->By.cssSelector: a[href='/login']
20:13:51. INFO  manager.MyListener - The element with locator --->By.cssSelector: a[href='/login']was found
20:13:53. INFO  manager.MyListener - Start search element by locator --->By.cssSelector: button.username-change
20:13:53. INFO  manager.MyListener - The element with locator --->By.cssSelector: button.username-changewas found
20:13:53. INFO  manager.MyListener - Start search element by locator --->By.name: user
20:13:53. INFO  manager.MyListener - The element with locator --->By.name: userwas found
20:13:54. INFO  manager.MyListener - Start search element by locator --->By.id: login
20:13:54. INFO  manager.MyListener - The element with locator --->By.id: loginwas found
20:13:56. INFO  manager.MyListener - Start search element by locator --->By.id: password
20:13:57. INFO  manager.MyListener - The element with locator --->By.id: passwordwas found
20:13:58. INFO  manager.MyListener - Start search element by locator --->By.id: login-submit
20:13:58. INFO  manager.MyListener - The element with locator --->By.id: login-submitwas found
20:13:58. INFO  manager.MyListener - Start search element by locator --->By.cssSelector: button[data-testid='header-member-menu-button']
20:14:03. INFO  manager.MyListener - Something went wrong!!!
20:14:03. INFO  manager.MyListener - no such element: Unable to locate element: {"method":"css selector","selector":"button[data-testid='header-member-menu-button']"}
  (Session info: chrome=108.0.5359.124)
For documentation on this error, please visit: https://www.seleniumhq.org/exceptions/no_such_element.html
Build info: version: '3.141.59', revision: 'e82be7d358', time: '2018-11-14T08:17:03'
System info: host: 'MacBook-Pro-Taya.local', ip: 'fe80:0:0:0:182f:f526:ee91:b5e7%en0', os.name: 'Mac OS X', os.arch: 'x86_64', os.version: '10.16', java.version: '1.8.0_151'
Driver info: org.openqa.selenium.chrome.ChromeDriver
Capabilities {acceptInsecureCerts: false, browserName: chrome, browserVersion: 108.0.5359.124, chrome: {chromedriverVersion: 107.0.5304.62 (1eec40d3a576..., userDataDir: /var/folders/s_/hl4vhy0959g...}, goog:chromeOptions: {debuggerAddress: localhost:54611}, javascriptEnabled: true, networkConnectionEnabled: false, pageLoadStrategy: normal, platform: MAC, platformName: MAC, proxy: Proxy(), setWindowRect: true, strictFileInteractability: false, timeouts: {implicit: 0, pageLoad: 300000, script: 30000}, unhandledPromptBehavior: dismiss and notify, webauthn:extension:credBlob: true, webauthn:extension:largeBlob: true, webauthn:virtualAuthenticators: true}
Session ID: 9d2aca7396888f27e4cd29fd1757169a
*** Element info: {Using=css selector, value=button[data-testid='header-member-menu-button']}
20:14:03. INFO  manager.MyListener - org.openqa.selenium.NoSuchElementException: no such element: Unable to locate element: {"method":"css selector","selector":"button[data-testid='header-member-menu-button']"}
  (Session info: chrome=108.0.5359.124)
For documentation on this error, please visit: https://www.seleniumhq.org/exceptions/no_such_element.html
Build info: version: '3.141.59', revision: 'e82be7d358', time: '2018-11-14T08:17:03'
System info: host: 'MacBook-Pro-Taya.local', ip: 'fe80:0:0:0:182f:f526:ee91:b5e7%en0', os.name: 'Mac OS X', os.arch: 'x86_64', os.version: '10.16', java.version: '1.8.0_151'
Driver info: org.openqa.selenium.chrome.ChromeDriver
Capabilities {acceptInsecureCerts: false, browserName: chrome, browserVersion: 108.0.5359.124, chrome: {chromedriverVersion: 107.0.5304.62 (1eec40d3a576..., userDataDir: /var/folders/s_/hl4vhy0959g...}, goog:chromeOptions: {debuggerAddress: localhost:54611}, javascriptEnabled: true, networkConnectionEnabled: false, pageLoadStrategy: normal, platform: MAC, platformName: MAC, proxy: Proxy(), setWindowRect: true, strictFileInteractability: false, timeouts: {implicit: 0, pageLoad: 300000, script: 30000}, unhandledPromptBehavior: dismiss and notify, webauthn:extension:credBlob: true, webauthn:extension:largeBlob: true, webauthn:virtualAuthenticators: true}
Session ID: 9d2aca7396888f27e4cd29fd1757169a
*** Element info: {Using=css selector, value=button[data-testid='header-member-menu-button']}
20:14:04. INFO  manager.MyListener - Screenshot with throwable -->src/test/screenshots/screenshot-843.png
