19:34:35. INFO  manager.MyListener - Start search element by locator --->By.cssSelector: button[data-testid='header-member-menu-button']
19:34:40. INFO  manager.MyListener - The element with locator --->By.cssSelector: button[data-testid='header-member-menu-button']was found
19:34:42. INFO  manager.MyListener - Start search element by locator --->By.cssSelector: a[href='/login']
19:34:42. INFO  manager.MyListener - The element with locator --->By.cssSelector: a[href='/login']was found
19:34:45. INFO  manager.MyListener - Start search element by locator --->By.cssSelector: button.username-change
19:34:45. INFO  manager.MyListener - The element with locator --->By.cssSelector: button.username-changewas found
19:34:45. INFO  manager.MyListener - Start search element by locator --->By.name: user
19:34:45. INFO  manager.MyListener - The element with locator --->By.name: userwas found
19:34:45. INFO  manager.MyListener - Start search element by locator --->By.id: login
19:34:45. INFO  manager.MyListener - The element with locator --->By.id: loginwas found
19:34:48. INFO  manager.MyListener - Start search element by locator --->By.id: password
19:34:49. INFO  manager.MyListener - The element with locator --->By.id: passwordwas found
19:34:50. INFO  manager.MyListener - Start search element by locator --->By.id: login-submit
19:34:50. INFO  manager.MyListener - The element with locator --->By.id: login-submitwas found
19:34:50. INFO  manager.MyListener - Start search element by locator --->By.cssSelector: button[data-testid='header-member-menu-button']
19:34:58. INFO  manager.MyListener - The element with locator --->By.cssSelector: button[data-testid='header-member-menu-button']was found
19:34:58. INFO  manager.MyListener - Start search element by locator --->By.cssSelector: button[data-testid='header-member-menu-button']
19:34:58. INFO  manager.MyListener - The element with locator --->By.cssSelector: button[data-testid='header-member-menu-button']was found
19:34:58. INFO  manager.MyListener - Start search element by locator --->By.cssSelector: [data-testid='header-member-menu-profile']
19:34:58. INFO  manager.MyListener - The element with locator --->By.cssSelector: [data-testid='header-member-menu-profile']was found
19:34:59. INFO  manager.MyListener - Start search element by locator --->By.xpath: //a[text()='Atlassian profile']
19:34:59. INFO  manager.MyListener - The element with locator --->By.xpath: //a[text()='Atlassian profile']was found
19:35:02. INFO  manager.MyListener - Start search element by locator --->By.cssSelector: [data-test-selector='profile-hover-info']
19:35:03. INFO  manager.MyListener - The element with locator --->By.cssSelector: [data-test-selector='profile-hover-info']was found
19:35:04. INFO  manager.MyListener - Start search element by locator --->By.xpath: //*[text()='Change profile photo']
19:35:04. INFO  manager.MyListener - The element with locator --->By.xpath: //*[text()='Change profile photo']was found
19:35:04. INFO  manager.MyListener - Start search element by locator --->By.id: image-input
19:35:04. INFO  manager.MyListener - The element with locator --->By.id: image-inputwas found
19:35:05. INFO  manager.MyListener - Start search element by locator --->By.xpath: //button/span[text()='Upload']
19:35:05. INFO  manager.MyListener - The element with locator --->By.xpath: //button/span[text()='Upload']was found
