19:42:37. INFO  manager.MyListener - Start search element by locator --->By.cssSelector: button[data-testid='header-member-menu-button']
19:42:42. INFO  manager.MyListener - The element with locator --->By.cssSelector: button[data-testid='header-member-menu-button']was found
19:42:44. INFO  manager.MyListener - Start search element by locator --->By.cssSelector: a[href='/login']
19:42:44. INFO  manager.MyListener - The element with locator --->By.cssSelector: a[href='/login']was found
19:42:47. INFO  manager.MyListener - Start search element by locator --->By.cssSelector: button.username-change
19:42:47. INFO  manager.MyListener - The element with locator --->By.cssSelector: button.username-changewas found
19:42:47. INFO  manager.MyListener - Start search element by locator --->By.name: user
19:42:47. INFO  manager.MyListener - The element with locator --->By.name: userwas found
19:42:47. INFO  manager.MyListener - Start search element by locator --->By.id: login
19:42:47. INFO  manager.MyListener - The element with locator --->By.id: loginwas found
19:42:49. INFO  manager.MyListener - Start search element by locator --->By.id: password
19:42:52. INFO  manager.MyListener - The element with locator --->By.id: passwordwas found
19:42:53. INFO  manager.MyListener - Start search element by locator --->By.id: login-submit
19:42:53. INFO  manager.MyListener - The element with locator --->By.id: login-submitwas found
19:42:53. INFO  manager.MyListener - Start search element by locator --->By.cssSelector: button[data-testid='header-member-menu-button']
19:43:01. INFO  manager.MyListener - The element with locator --->By.cssSelector: button[data-testid='header-member-menu-button']was found
19:43:01. INFO  tests.TestBase - Tests start with board --> Board(title=GreenBoard-133, color=Green)
19:43:01. INFO  manager.MyListener - Start search element by locator --->By.cssSelector: li[data-testid='create-board-tile']
19:43:02. INFO  manager.MyListener - The element with locator --->By.cssSelector: li[data-testid='create-board-tile']was found
19:43:02. INFO  manager.MyListener - Start search element by locator --->By.cssSelector: [data-testid='create-board-title-input']
19:43:03. INFO  manager.MyListener - The element with locator --->By.cssSelector: [data-testid='create-board-title-input']was found
19:43:03. INFO  manager.MyListener - Start search element by locator --->By.xpath: //button[@title='Green']
19:43:04. INFO  manager.MyListener - The element with locator --->By.xpath: //button[@title='Green']was found
19:43:04. INFO  manager.MyListener - Start search element by locator --->By.xpath: //button[text()='Create']
19:43:04. INFO  manager.MyListener - The element with locator --->By.xpath: //button[text()='Create']was found
