19:29:48. INFO  manager.MyListener - Start search element by locator --->By.cssSelector: button[data-testid='header-member-menu-button']
19:29:53. INFO  manager.MyListener - The element with locator --->By.cssSelector: button[data-testid='header-member-menu-button']was found
19:29:55. INFO  manager.MyListener - Start search element by locator --->By.cssSelector: a[href='/login']
19:29:55. INFO  manager.MyListener - The element with locator --->By.cssSelector: a[href='/login']was found
19:29:57. INFO  manager.MyListener - Start search element by locator --->By.cssSelector: button.username-change
19:29:57. INFO  manager.MyListener - The element with locator --->By.cssSelector: button.username-changewas found
19:29:57. INFO  manager.MyListener - Start search element by locator --->By.name: user
19:29:57. INFO  manager.MyListener - The element with locator --->By.name: userwas found
19:29:57. INFO  manager.MyListener - Start search element by locator --->By.id: login
19:29:57. INFO  manager.MyListener - The element with locator --->By.id: loginwas found
19:30:00. INFO  manager.MyListener - Start search element by locator --->By.id: password
19:30:00. INFO  manager.MyListener - The element with locator --->By.id: passwordwas found
19:30:01. INFO  manager.MyListener - Start search element by locator --->By.id: login-submit
19:30:01. INFO  manager.MyListener - The element with locator --->By.id: login-submitwas found
19:30:01. INFO  manager.MyListener - Start search element by locator --->By.cssSelector: button[data-testid='header-member-menu-button']
19:30:09. INFO  manager.MyListener - The element with locator --->By.cssSelector: button[data-testid='header-member-menu-button']was found
19:30:09. INFO  manager.MyListener - Start search element by locator --->By.cssSelector: button[data-testid='header-member-menu-button']
19:30:09. INFO  manager.MyListener - The element with locator --->By.cssSelector: button[data-testid='header-member-menu-button']was found
19:30:09. INFO  manager.MyListener - Start search element by locator --->By.cssSelector: [data-testid='header-member-menu-profile']
19:30:09. INFO  manager.MyListener - The element with locator --->By.cssSelector: [data-testid='header-member-menu-profile']was found
19:30:10. INFO  manager.MyListener - Start search element by locator --->By.xpath: //a[text()='Atlassian profile']
19:30:11. INFO  manager.MyListener - The element with locator --->By.xpath: //a[text()='Atlassian profile']was found
19:30:13. INFO  manager.MyListener - Start search element by locator --->By.cssSelector: [data-test-selector='profile-hover-info']
19:30:14. INFO  manager.MyListener - The element with locator --->By.cssSelector: [data-test-selector='profile-hover-info']was found
19:30:15. INFO  manager.MyListener - Start search element by locator --->By.xpath: //*[text()='Change profile photo']
19:30:15. INFO  manager.MyListener - The element with locator --->By.xpath: //*[text()='Change profile photo']was found
