18:38:08. INFO  manager.MyListener - Start search element by locator --->By.cssSelector: button[data-testid='header-member-menu-button']
18:38:14. INFO  manager.MyListener - The element with locator --->By.cssSelector: button[data-testid='header-member-menu-button']was found
18:38:16. INFO  manager.MyListener - Start search element by locator --->By.cssSelector: a[href='/login']
18:38:16. INFO  manager.MyListener - The element with locator --->By.cssSelector: a[href='/login']was found
18:38:17. INFO  manager.MyListener - Start search element by locator --->By.cssSelector: button.username-change
18:38:17. INFO  manager.MyListener - The element with locator --->By.cssSelector: button.username-changewas found
18:38:18. INFO  manager.MyListener - Start search element by locator --->By.name: user
18:38:18. INFO  manager.MyListener - The element with locator --->By.name: userwas found
18:38:18. INFO  manager.MyListener - Start search element by locator --->By.id: login
18:38:18. INFO  manager.MyListener - The element with locator --->By.id: loginwas found
18:38:20. INFO  manager.MyListener - Start search element by locator --->By.id: password
18:38:21. INFO  manager.MyListener - The element with locator --->By.id: passwordwas found
18:38:21. INFO  manager.MyListener - Start search element by locator --->By.id: login-submit
18:38:21. INFO  manager.MyListener - The element with locator --->By.id: login-submitwas found
18:38:22. INFO  manager.MyListener - Start search element by locator --->By.cssSelector: button[data-testid='header-member-menu-button']
18:38:28. INFO  manager.MyListener - The element with locator --->By.cssSelector: button[data-testid='header-member-menu-button']was found
18:38:28. INFO  manager.MyListener - Start search element by locator --->By.cssSelector: button[data-testid='header-member-menu-button']
18:38:28. INFO  manager.MyListener - The element with locator --->By.cssSelector: button[data-testid='header-member-menu-button']was found
18:38:28. INFO  manager.MyListener - Start search element by locator --->By.cssSelector: [data-testid='header-member-menu-profile']
18:38:28. INFO  manager.MyListener - The element with locator --->By.cssSelector: [data-testid='header-member-menu-profile']was found
18:38:28. INFO  manager.MyListener - Start search element by locator --->By.xpath: //a[text()='Atlassian profile']
18:38:29. INFO  manager.MyListener - The element with locator --->By.xpath: //a[text()='Atlassian profile']was found
