20:21:59. INFO  manager.MyListener - Start search element by locator --->By.cssSelector: button[data-testid='header-member-menu-button']
20:22:04. INFO  manager.MyListener - The element with locator --->By.cssSelector: button[data-testid='header-member-menu-button']was found
20:22:06. INFO  manager.MyListener - Start search element by locator --->By.cssSelector: a[href='/login']
20:22:06. INFO  manager.MyListener - The element with locator --->By.cssSelector: a[href='/login']was found
20:22:09. INFO  manager.MyListener - Start search element by locator --->By.cssSelector: button.username-change
20:22:09. INFO  manager.MyListener - The element with locator --->By.cssSelector: button.username-changewas found
20:22:09. INFO  manager.MyListener - Start search element by locator --->By.name: user
20:22:09. INFO  manager.MyListener - The element with locator --->By.name: userwas found
20:22:10. INFO  manager.MyListener - Start search element by locator --->By.id: login
20:22:10. INFO  manager.MyListener - The element with locator --->By.id: loginwas found
20:22:12. INFO  manager.MyListener - Start search element by locator --->By.id: password
20:22:16. INFO  manager.MyListener - The element with locator --->By.id: passwordwas found
20:22:17. INFO  manager.MyListener - Start search element by locator --->By.id: login-submit
20:22:17. INFO  manager.MyListener - The element with locator --->By.id: login-submitwas found
20:22:17. INFO  manager.MyListener - Start search element by locator --->By.cssSelector: button[data-testid='header-member-menu-button']
20:22:27. INFO  manager.MyListener - The element with locator --->By.cssSelector: button[data-testid='header-member-menu-button']was found
20:22:28. INFO  tests.TestBase - Tests start with board --> Board(title=GreenBoard-113, color=Green)
20:22:28. INFO  manager.MyListener - Start search element by locator --->By.cssSelector: li[data-testid='create-board-tile']
20:22:28. INFO  manager.MyListener - The element with locator --->By.cssSelector: li[data-testid='create-board-tile']was found
20:22:28. INFO  manager.MyListener - Start search element by locator --->By.cssSelector: [data-testid='create-board-title-input']
20:22:29. INFO  manager.MyListener - The element with locator --->By.cssSelector: [data-testid='create-board-title-input']was found
20:22:30. INFO  manager.MyListener - Start search element by locator --->By.xpath: //button[@title='Green']
20:22:30. INFO  manager.MyListener - The element with locator --->By.xpath: //button[@title='Green']was found
20:22:30. INFO  manager.MyListener - Start search element by locator --->By.xpath: //button[text()='Create']
20:22:31. INFO  manager.MyListener - The element with locator --->By.xpath: //button[text()='Create']was found
