17:10:06. INFO  manager.ApplicationManager - Config file is -->config1
17:10:12. INFO  manager.ApplicationManager - Base url is -->https://trello.com
17:10:15. INFO  manager.MyListener - Start search element by locator --->By.cssSelector: button[data-testid='header-member-menu-button']
17:10:20. INFO  manager.MyListener - The element with locator --->By.cssSelector: button[data-testid='header-member-menu-button']was found
17:10:22. INFO  manager.MyListener - Start search element by locator --->By.cssSelector: a[href='/login']
17:10:22. INFO  manager.MyListener - The element with locator --->By.cssSelector: a[href='/login']was found
17:10:24. INFO  manager.MyListener - Start search element by locator --->By.cssSelector: button.username-change
17:10:24. INFO  manager.MyListener - The element with locator --->By.cssSelector: button.username-changewas found
17:10:24. INFO  manager.MyListener - Start search element by locator --->By.name: user
17:10:24. INFO  manager.MyListener - The element with locator --->By.name: userwas found
17:10:25. INFO  manager.MyListener - Start search element by locator --->By.id: login
17:10:25. INFO  manager.MyListener - The element with locator --->By.id: loginwas found
17:10:27. INFO  manager.MyListener - Start search element by locator --->By.id: password
17:10:28. INFO  manager.MyListener - The element with locator --->By.id: passwordwas found
17:10:28. INFO  manager.MyListener - Start search element by locator --->By.id: login-submit
17:10:28. INFO  manager.MyListener - The element with locator --->By.id: login-submitwas found
17:10:31. INFO  manager.MyListener - Start search element by locator --->By.cssSelector: button[data-testid='header-member-menu-button']
17:10:37. INFO  manager.MyListener - The element with locator --->By.cssSelector: button[data-testid='header-member-menu-button']was found
17:10:53. INFO  manager.ApplicationManager - Config file is -->config1
17:11:01. INFO  manager.ApplicationManager - Base url is -->https://trello.com
17:11:04. INFO  manager.MyListener - Start search element by locator --->By.cssSelector: button[data-testid='header-member-menu-button']
17:11:09. INFO  manager.MyListener - The element with locator --->By.cssSelector: button[data-testid='header-member-menu-button']was found
17:11:11. INFO  manager.MyListener - Start search element by locator --->By.cssSelector: a[href='/login']
17:11:11. INFO  manager.MyListener - The element with locator --->By.cssSelector: a[href='/login']was found
17:11:13. INFO  manager.MyListener - Start search element by locator --->By.cssSelector: button.username-change
17:11:13. INFO  manager.MyListener - The element with locator --->By.cssSelector: button.username-changewas found
17:11:14. INFO  manager.MyListener - Start search element by locator --->By.name: user
17:11:14. INFO  manager.MyListener - The element with locator --->By.name: userwas found
17:11:14. INFO  manager.MyListener - Start search element by locator --->By.id: login
17:11:14. INFO  manager.MyListener - The element with locator --->By.id: loginwas found
17:11:16. INFO  manager.MyListener - Start search element by locator --->By.id: password
17:11:17. INFO  manager.MyListener - The element with locator --->By.id: passwordwas found
17:11:18. INFO  manager.MyListener - Start search element by locator --->By.id: login-submit
17:11:18. INFO  manager.MyListener - The element with locator --->By.id: login-submitwas found
17:11:21. INFO  manager.MyListener - Start search element by locator --->By.cssSelector: button[data-testid='header-member-menu-button']
17:11:26. INFO  manager.MyListener - The element with locator --->By.cssSelector: button[data-testid='header-member-menu-button']was found
