19:49:51. INFO  manager.ApplicationManager - Base url is -->https://trello.com
19:49:53. INFO  manager.MyListener - Start search element by locator --->By.cssSelector: button[data-testid='header-member-menu-button']
19:49:59. INFO  manager.MyListener - The element with locator --->By.cssSelector: button[data-testid='header-member-menu-button']was found
19:49:59. INFO  manager.ApplicationManager - I used email -->hatum.testing@gmail.com
19:49:59. INFO  manager.ApplicationManager - I used password -->Hatum21$
19:50:01. INFO  manager.MyListener - Start search element by locator --->By.cssSelector: a[href='/login']
19:50:02. INFO  manager.MyListener - The element with locator --->By.cssSelector: a[href='/login']was found
19:50:06. INFO  manager.MyListener - Start search element by locator --->By.cssSelector: button.username-change
19:50:06. INFO  manager.MyListener - The element with locator --->By.cssSelector: button.username-changewas found
19:50:06. INFO  manager.MyListener - Start search element by locator --->By.name: user
19:50:06. INFO  manager.MyListener - The element with locator --->By.name: userwas found
19:50:06. INFO  manager.MyListener - Start search element by locator --->By.id: login
19:50:06. INFO  manager.MyListener - The element with locator --->By.id: loginwas found
19:50:09. INFO  manager.MyListener - Start search element by locator --->By.id: password
19:50:13. INFO  manager.MyListener - The element with locator --->By.id: passwordwas found
19:50:13. INFO  manager.MyListener - Start search element by locator --->By.id: login-submit
19:50:14. INFO  manager.MyListener - The element with locator --->By.id: login-submitwas found
19:50:14. INFO  manager.MyListener - Start search element by locator --->By.cssSelector: button[data-testid='header-member-menu-button']
19:50:28. INFO  manager.MyListener - The element with locator --->By.cssSelector: button[data-testid='header-member-menu-button']was found
19:50:29. INFO  manager.MyListener - Start search element by locator --->By.cssSelector: button[data-testid='header-member-menu-button']
19:50:29. INFO  manager.MyListener - The element with locator --->By.cssSelector: button[data-testid='header-member-menu-button']was found
19:50:30. INFO  manager.MyListener - Start search element by locator --->By.cssSelector: [data-testid='header-member-menu-profile']
19:50:35. INFO  manager.MyListener - Something went wrong!!!
19:50:35. INFO  manager.MyListener - no such element: Unable to locate element: {"method":"css selector","selector":"[data-testid='header-member-menu-profile']"}
  (Session info: chrome=108.0.5359.124)
For documentation on this error, please visit: https://www.seleniumhq.org/exceptions/no_such_element.html
Build info: version: '3.141.59', revision: 'e82be7d358', time: '2018-11-14T08:17:03'
System info: host: 'MacBook-Pro-Taya.local', ip: 'fe80:0:0:0:182f:f526:ee91:b5e7%en0', os.name: 'Mac OS X', os.arch: 'x86_64', os.version: '10.16', java.version: '1.8.0_151'
Driver info: org.openqa.selenium.chrome.ChromeDriver
Capabilities {acceptInsecureCerts: false, browserName: chrome, browserVersion: 108.0.5359.124, chrome: {chromedriverVersion: 107.0.5304.62 (1eec40d3a576..., userDataDir: /var/folders/s_/hl4vhy0959g...}, goog:chromeOptions: {debuggerAddress: localhost:65357}, javascriptEnabled: true, networkConnectionEnabled: false, pageLoadStrategy: normal, platform: MAC, platformName: MAC, proxy: Proxy(), setWindowRect: true, strictFileInteractability: false, timeouts: {implicit: 0, pageLoad: 300000, script: 30000}, unhandledPromptBehavior: dismiss and notify, webauthn:extension:credBlob: true, webauthn:extension:largeBlob: true, webauthn:virtualAuthenticators: true}
Session ID: c287b9cf05d7bf96ab6abff867602704
*** Element info: {Using=css selector, value=[data-testid='header-member-menu-profile']}
19:50:35. INFO  manager.MyListener - org.openqa.selenium.NoSuchElementException: no such element: Unable to locate element: {"method":"css selector","selector":"[data-testid='header-member-menu-profile']"}
  (Session info: chrome=108.0.5359.124)
For documentation on this error, please visit: https://www.seleniumhq.org/exceptions/no_such_element.html
Build info: version: '3.141.59', revision: 'e82be7d358', time: '2018-11-14T08:17:03'
System info: host: 'MacBook-Pro-Taya.local', ip: 'fe80:0:0:0:182f:f526:ee91:b5e7%en0', os.name: 'Mac OS X', os.arch: 'x86_64', os.version: '10.16', java.version: '1.8.0_151'
Driver info: org.openqa.selenium.chrome.ChromeDriver
Capabilities {acceptInsecureCerts: false, browserName: chrome, browserVersion: 108.0.5359.124, chrome: {chromedriverVersion: 107.0.5304.62 (1eec40d3a576..., userDataDir: /var/folders/s_/hl4vhy0959g...}, goog:chromeOptions: {debuggerAddress: localhost:65357}, javascriptEnabled: true, networkConnectionEnabled: false, pageLoadStrategy: normal, platform: MAC, platformName: MAC, proxy: Proxy(), setWindowRect: true, strictFileInteractability: false, timeouts: {implicit: 0, pageLoad: 300000, script: 30000}, unhandledPromptBehavior: dismiss and notify, webauthn:extension:credBlob: true, webauthn:extension:largeBlob: true, webauthn:virtualAuthenticators: true}
Session ID: c287b9cf05d7bf96ab6abff867602704
*** Element info: {Using=css selector, value=[data-testid='header-member-menu-profile']}
19:50:36. INFO  manager.MyListener - Screenshot with throwable -->src/test/screenshots/screenshot-3035.png
