20:25:45. INFO  manager.MyListener - Start search element by locator --->By.cssSelector: button[data-testid='header-member-menu-button']
20:25:50. INFO  manager.MyListener - The element with locator --->By.cssSelector: button[data-testid='header-member-menu-button']was found
20:25:52. INFO  manager.MyListener - Start search element by locator --->By.cssSelector: a[href='/login']
20:25:52. INFO  manager.MyListener - The element with locator --->By.cssSelector: a[href='/login']was found
20:25:55. INFO  manager.MyListener - Start search element by locator --->By.cssSelector: button.username-change
20:25:55. INFO  manager.MyListener - The element with locator --->By.cssSelector: button.username-changewas found
20:25:55. INFO  manager.MyListener - Start search element by locator --->By.name: user
20:25:55. INFO  manager.MyListener - The element with locator --->By.name: userwas found
20:25:55. INFO  manager.MyListener - Start search element by locator --->By.id: login
20:25:55. INFO  manager.MyListener - The element with locator --->By.id: loginwas found
20:25:57. INFO  manager.MyListener - Start search element by locator --->By.id: password
20:26:00. INFO  manager.MyListener - The element with locator --->By.id: passwordwas found
20:26:01. INFO  manager.MyListener - Start search element by locator --->By.id: login-submit
20:26:01. INFO  manager.MyListener - The element with locator --->By.id: login-submitwas found
20:26:02. INFO  manager.MyListener - Start search element by locator --->By.cssSelector: button[data-testid='header-member-menu-button']
20:26:11. INFO  manager.MyListener - The element with locator --->By.cssSelector: button[data-testid='header-member-menu-button']was found
20:26:11. INFO  tests.TestBase - Tests start with board --> Board(title=PinkBoard-141, color=Pink)
20:26:11. INFO  manager.MyListener - Start search element by locator --->By.cssSelector: li[data-testid='create-board-tile']
20:26:11. INFO  manager.MyListener - The element with locator --->By.cssSelector: li[data-testid='create-board-tile']was found
20:26:12. INFO  manager.MyListener - Start search element by locator --->By.cssSelector: [data-testid='create-board-title-input']
20:26:12. INFO  manager.MyListener - The element with locator --->By.cssSelector: [data-testid='create-board-title-input']was found
20:26:14. INFO  manager.MyListener - Start search element by locator --->By.cssSelector: #background-picker>ul:last-child>li:last-child
20:26:14. INFO  manager.MyListener - The element with locator --->By.cssSelector: #background-picker>ul:last-child>li:last-childwas found
20:26:14. INFO  manager.MyListener - Start search element by locator --->By.xpath: //div[@title='Pink']
20:26:14. INFO  manager.MyListener - The element with locator --->By.xpath: //div[@title='Pink']was found
20:26:14. INFO  manager.MyListener - Start search element by locator --->By.xpath: //button[text()='Create']
20:26:14. INFO  manager.MyListener - The element with locator --->By.xpath: //button[text()='Create']was found
20:26:22. INFO  manager.MyListener - Start search element by locator --->By.cssSelector: a[href $= 'pinkboard-141']
20:26:24. INFO  manager.MyListener - The element with locator --->By.cssSelector: a[href $= 'pinkboard-141']was found
