18:41:02. INFO  manager.MyListener - Start search element by locator --->By.cssSelector: button[data-testid='header-member-menu-button']
18:41:08. INFO  manager.MyListener - The element with locator --->By.cssSelector: button[data-testid='header-member-menu-button']was found
18:41:10. INFO  manager.MyListener - Start search element by locator --->By.cssSelector: a[href='/login']
18:41:10. INFO  manager.MyListener - The element with locator --->By.cssSelector: a[href='/login']was found
18:41:12. INFO  manager.MyListener - Start search element by locator --->By.cssSelector: button.username-change
18:41:12. INFO  manager.MyListener - The element with locator --->By.cssSelector: button.username-changewas found
18:41:12. INFO  manager.MyListener - Start search element by locator --->By.name: user
18:41:12. INFO  manager.MyListener - The element with locator --->By.name: userwas found
18:41:12. INFO  manager.MyListener - Start search element by locator --->By.id: login
18:41:12. INFO  manager.MyListener - The element with locator --->By.id: loginwas found
18:41:14. INFO  manager.MyListener - Start search element by locator --->By.id: password
18:41:15. INFO  manager.MyListener - The element with locator --->By.id: passwordwas found
18:41:15. INFO  manager.MyListener - Start search element by locator --->By.id: login-submit
18:41:15. INFO  manager.MyListener - The element with locator --->By.id: login-submitwas found
18:41:15. INFO  manager.MyListener - Start search element by locator --->By.cssSelector: button[data-testid='header-member-menu-button']
18:41:22. INFO  manager.MyListener - The element with locator --->By.cssSelector: button[data-testid='header-member-menu-button']was found
18:41:22. INFO  manager.MyListener - Start search element by locator --->By.cssSelector: button[data-testid='header-member-menu-button']
18:41:22. INFO  manager.MyListener - The element with locator --->By.cssSelector: button[data-testid='header-member-menu-button']was found
18:41:22. INFO  manager.MyListener - Start search element by locator --->By.cssSelector: [data-testid='header-member-menu-profile']
18:41:22. INFO  manager.MyListener - The element with locator --->By.cssSelector: [data-testid='header-member-menu-profile']was found
18:41:22. INFO  manager.MyListener - Start search element by locator --->By.xpath: //a[text()='Atlassian profile']
18:41:23. INFO  manager.MyListener - The element with locator --->By.xpath: //a[text()='Atlassian profile']was found
18:41:27. INFO  manager.MyListener - Start search element by locator --->By.cssSelector: button[data-testid='header-member-menu-button']
18:41:32. INFO  manager.MyListener - The element with locator --->By.cssSelector: button[data-testid='header-member-menu-button']was found
18:41:34. INFO  manager.MyListener - Start search element by locator --->By.cssSelector: button.username-change
18:41:39. INFO  manager.MyListener - Something went wrong!!!
18:41:39. INFO  manager.MyListener - no such element: Unable to locate element: {"method":"css selector","selector":"button.username-change"}
  (Session info: chrome=108.0.5359.124)
For documentation on this error, please visit: https://www.seleniumhq.org/exceptions/no_such_element.html
Build info: version: '3.141.59', revision: 'e82be7d358', time: '2018-11-14T08:17:03'
System info: host: 'MacBook-Pro-Taya.local', ip: '127.0.0.1', os.name: 'Mac OS X', os.arch: 'x86_64', os.version: '10.16', java.version: '1.8.0_151'
Driver info: org.openqa.selenium.chrome.ChromeDriver
Capabilities {acceptInsecureCerts: false, browserName: chrome, browserVersion: 108.0.5359.124, chrome: {chromedriverVersion: 107.0.5304.62 (1eec40d3a576..., userDataDir: /var/folders/s_/hl4vhy0959g...}, goog:chromeOptions: {debuggerAddress: localhost:55045}, javascriptEnabled: true, networkConnectionEnabled: false, pageLoadStrategy: normal, platform: MAC, platformName: MAC, proxy: Proxy(), setWindowRect: true, strictFileInteractability: false, timeouts: {implicit: 0, pageLoad: 300000, script: 30000}, unhandledPromptBehavior: dismiss and notify, webauthn:extension:credBlob: true, webauthn:extension:largeBlob: true, webauthn:virtualAuthenticators: true}
Session ID: 8928a57154810cdce628742e5a8f3a8f
*** Element info: {Using=css selector, value=button.username-change}
18:41:39. INFO  manager.MyListener - org.openqa.selenium.NoSuchElementException: no such element: Unable to locate element: {"method":"css selector","selector":"button.username-change"}
  (Session info: chrome=108.0.5359.124)
For documentation on this error, please visit: https://www.seleniumhq.org/exceptions/no_such_element.html
Build info: version: '3.141.59', revision: 'e82be7d358', time: '2018-11-14T08:17:03'
System info: host: 'MacBook-Pro-Taya.local', ip: '127.0.0.1', os.name: 'Mac OS X', os.arch: 'x86_64', os.version: '10.16', java.version: '1.8.0_151'
Driver info: org.openqa.selenium.chrome.ChromeDriver
Capabilities {acceptInsecureCerts: false, browserName: chrome, browserVersion: 108.0.5359.124, chrome: {chromedriverVersion: 107.0.5304.62 (1eec40d3a576..., userDataDir: /var/folders/s_/hl4vhy0959g...}, goog:chromeOptions: {debuggerAddress: localhost:55045}, javascriptEnabled: true, networkConnectionEnabled: false, pageLoadStrategy: normal, platform: MAC, platformName: MAC, proxy: Proxy(), setWindowRect: true, strictFileInteractability: false, timeouts: {implicit: 0, pageLoad: 300000, script: 30000}, unhandledPromptBehavior: dismiss and notify, webauthn:extension:credBlob: true, webauthn:extension:largeBlob: true, webauthn:virtualAuthenticators: true}
Session ID: 8928a57154810cdce628742e5a8f3a8f
*** Element info: {Using=css selector, value=button.username-change}
18:41:39. INFO  manager.MyListener - Screenshot with throwable -->src/test/screenshots/screenshot-2499.png
