19:50:33. INFO  manager.MyListener - Start search element by locator --->By.cssSelector: button[data-testid='header-member-menu-button']
19:50:38. INFO  manager.MyListener - The element with locator --->By.cssSelector: button[data-testid='header-member-menu-button']was found
19:50:40. INFO  manager.MyListener - Start search element by locator --->By.cssSelector: a[href='/login']
19:50:40. INFO  manager.MyListener - The element with locator --->By.cssSelector: a[href='/login']was found
19:50:43. INFO  manager.MyListener - Start search element by locator --->By.cssSelector: button.username-change
19:50:43. INFO  manager.MyListener - The element with locator --->By.cssSelector: button.username-changewas found
19:50:43. INFO  manager.MyListener - Start search element by locator --->By.name: user
19:50:43. INFO  manager.MyListener - The element with locator --->By.name: userwas found
19:50:44. INFO  manager.MyListener - Start search element by locator --->By.id: login
19:50:44. INFO  manager.MyListener - The element with locator --->By.id: loginwas found
19:50:46. INFO  manager.MyListener - Start search element by locator --->By.id: password
19:50:47. INFO  manager.MyListener - The element with locator --->By.id: passwordwas found
19:50:48. INFO  manager.MyListener - Start search element by locator --->By.id: login-submit
19:50:48. INFO  manager.MyListener - The element with locator --->By.id: login-submitwas found
19:50:48. INFO  manager.MyListener - Start search element by locator --->By.cssSelector: button[data-testid='header-member-menu-button']
19:50:56. INFO  manager.MyListener - The element with locator --->By.cssSelector: button[data-testid='header-member-menu-button']was found
19:50:56. INFO  manager.MyListener - Start search element by locator --->By.cssSelector: button[data-testid='header-member-menu-button']
19:50:56. INFO  manager.MyListener - The element with locator --->By.cssSelector: button[data-testid='header-member-menu-button']was found
19:50:57. INFO  manager.MyListener - Start search element by locator --->By.cssSelector: [data-testid='header-member-menu-profile']
19:50:57. INFO  manager.MyListener - The element with locator --->By.cssSelector: [data-testid='header-member-menu-profile']was found
19:50:57. INFO  manager.MyListener - Start search element by locator --->By.xpath: //a[text()='Atlassian profile']
19:50:58. INFO  manager.MyListener - The element with locator --->By.xpath: //a[text()='Atlassian profile']was found
19:51:00. INFO  manager.MyListener - Start search element by locator --->By.cssSelector: [data-test-selector='profile-hover-info']
19:51:03. INFO  manager.MyListener - The element with locator --->By.cssSelector: [data-test-selector='profile-hover-info']was found
19:51:03. INFO  manager.MyListener - Start search element by locator --->By.xpath: //*[text()='Change profile photo']
19:51:03. INFO  manager.MyListener - The element with locator --->By.xpath: //*[text()='Change profile photo']was found
19:51:04. INFO  manager.MyListener - Start search element by locator --->By.id: image-input
19:51:04. INFO  manager.MyListener - The element with locator --->By.id: image-inputwas found
19:51:04. INFO  manager.MyListener - Start search element by locator --->By.xpath: //button/span[text()='Upload']
19:51:04. INFO  manager.MyListener - The element with locator --->By.xpath: //button/span[text()='Upload']was found
19:51:05. INFO  manager.MyListener - Start search element by locator --->By.xpath: //span[text()='Avatar added']
19:51:08. INFO  manager.MyListener - The element with locator --->By.xpath: //span[text()='Avatar added']was found
19:51:08. INFO  manager.MyListener - Start search element by locator --->By.cssSelector: [aria-label='Back to home']
19:51:08. INFO  manager.MyListener - The element with locator --->By.cssSelector: [aria-label='Back to home']was found
19:51:11. INFO  manager.MyListener - Start search element by locator --->By.cssSelector: button[data-testid='header-member-menu-button']
19:51:11. INFO  manager.MyListener - The element with locator --->By.cssSelector: button[data-testid='header-member-menu-button']was found
19:51:11. INFO  manager.MyListener - Start search element by locator --->By.cssSelector: button[data-testid='header-member-menu-button']
19:51:11. INFO  manager.MyListener - The element with locator --->By.cssSelector: button[data-testid='header-member-menu-button']was found
19:51:11. INFO  manager.MyListener - Start search element by locator --->By.cssSelector: [data-testid='header-member-menu-profile']
19:51:11. INFO  manager.MyListener - The element with locator --->By.cssSelector: [data-testid='header-member-menu-profile']was found
19:51:11. INFO  manager.MyListener - Start search element by locator --->By.xpath: //a[text()='Atlassian profile']
19:51:11. INFO  manager.MyListener - The element with locator --->By.xpath: //a[text()='Atlassian profile']was found
19:51:14. INFO  manager.MyListener - Start search element by locator --->By.cssSelector: [data-test-selector='profile-hover-info']
19:51:15. INFO  manager.MyListener - The element with locator --->By.cssSelector: [data-test-selector='profile-hover-info']was found
19:51:16. INFO  manager.MyListener - Start search element by locator --->By.xpath: //*[text()='Change profile photo']
19:51:16. INFO  manager.MyListener - The element with locator --->By.xpath: //*[text()='Change profile photo']was found
19:51:16. INFO  manager.MyListener - Start search element by locator --->By.id: image-input
19:51:17. INFO  manager.MyListener - The element with locator --->By.id: image-inputwas found
19:51:17. INFO  manager.MyListener - Start search element by locator --->By.xpath: //button/span[text()='Upload']
19:51:17. INFO  manager.MyListener - The element with locator --->By.xpath: //button/span[text()='Upload']was found
19:51:18. INFO  manager.MyListener - Start search element by locator --->By.xpath: //span[text()='Avatar added']
19:51:21. INFO  manager.MyListener - The element with locator --->By.xpath: //span[text()='Avatar added']was found
19:51:21. INFO  manager.MyListener - Start search element by locator --->By.cssSelector: [aria-label='Back to home']
19:51:21. INFO  manager.MyListener - The element with locator --->By.cssSelector: [aria-label='Back to home']was found
