20:38:56. INFO  manager.MyListener - Start search element by locator --->By.cssSelector: button[data-testid='header-member-menu-button']
20:39:02. INFO  manager.MyListener - The element with locator --->By.cssSelector: button[data-testid='header-member-menu-button']was found
20:39:04. INFO  manager.MyListener - Start search element by locator --->By.cssSelector: a[href='/login']
20:39:04. INFO  manager.MyListener - The element with locator --->By.cssSelector: a[href='/login']was found
20:39:07. INFO  manager.MyListener - Start search element by locator --->By.cssSelector: button.username-change
20:39:07. INFO  manager.MyListener - The element with locator --->By.cssSelector: button.username-changewas found
20:39:07. INFO  manager.MyListener - Start search element by locator --->By.name: user
20:39:07. INFO  manager.MyListener - The element with locator --->By.name: userwas found
20:39:08. INFO  manager.MyListener - Start search element by locator --->By.id: login
20:39:08. INFO  manager.MyListener - The element with locator --->By.id: loginwas found
20:39:10. INFO  manager.MyListener - Start search element by locator --->By.id: password
20:39:13. INFO  manager.MyListener - The element with locator --->By.id: passwordwas found
20:39:13. INFO  manager.MyListener - Start search element by locator --->By.id: login-submit
20:39:14. INFO  manager.MyListener - The element with locator --->By.id: login-submitwas found
20:39:14. INFO  manager.MyListener - Start search element by locator --->By.cssSelector: button[data-testid='header-member-menu-button']
20:39:24. INFO  manager.MyListener - The element with locator --->By.cssSelector: button[data-testid='header-member-menu-button']was found
20:39:24. INFO  tests.TestBase - Tests start with board --> Board(title=PinkBoard-114, color=Pink)
20:39:24. INFO  manager.MyListener - Start search element by locator --->By.cssSelector: li[data-testid='create-board-tile']
20:39:25. INFO  manager.MyListener - The element with locator --->By.cssSelector: li[data-testid='create-board-tile']was found
20:39:25. INFO  manager.MyListener - Start search element by locator --->By.cssSelector: [data-testid='create-board-title-input']
20:39:26. INFO  manager.MyListener - The element with locator --->By.cssSelector: [data-testid='create-board-title-input']was found
20:39:28. INFO  manager.MyListener - Start search element by locator --->By.cssSelector: #background-picker>ul:last-child>li:last-child
20:39:28. INFO  manager.MyListener - The element with locator --->By.cssSelector: #background-picker>ul:last-child>li:last-childwas found
20:39:28. INFO  manager.MyListener - Start search element by locator --->By.xpath: //div[@title='Pink']
20:39:28. INFO  manager.MyListener - The element with locator --->By.xpath: //div[@title='Pink']was found
20:39:28. INFO  manager.MyListener - Start search element by locator --->By.xpath: //button[text()='Create']
20:39:28. INFO  manager.MyListener - The element with locator --->By.xpath: //button[text()='Create']was found
20:39:29. INFO  manager.MyListener - Start search element by locator --->By.cssSelector: a[href $= 'pinkboard-114']
20:39:40. INFO  manager.MyListener - Something went wrong!!!
20:39:40. INFO  manager.MyListener - no such element: Unable to locate element: {"method":"css selector","selector":"a[href $= 'pinkboard-114']"}
  (Session info: chrome=108.0.5359.124)
For documentation on this error, please visit: https://www.seleniumhq.org/exceptions/no_such_element.html
Build info: version: '3.141.59', revision: 'e82be7d358', time: '2018-11-14T08:17:03'
System info: host: 'MacBook-Pro-Taya.local', ip: '192.168.0.104', os.name: 'Mac OS X', os.arch: 'x86_64', os.version: '10.16', java.version: '1.8.0_151'
Driver info: org.openqa.selenium.chrome.ChromeDriver
Capabilities {acceptInsecureCerts: false, browserName: chrome, browserVersion: 108.0.5359.124, chrome: {chromedriverVersion: 107.0.5304.62 (1eec40d3a576..., userDataDir: /var/folders/s_/hl4vhy0959g...}, goog:chromeOptions: {debuggerAddress: localhost:51488}, javascriptEnabled: true, networkConnectionEnabled: false, pageLoadStrategy: normal, platform: MAC, platformName: MAC, proxy: Proxy(), setWindowRect: true, strictFileInteractability: false, timeouts: {implicit: 0, pageLoad: 300000, script: 30000}, unhandledPromptBehavior: dismiss and notify, webauthn:extension:credBlob: true, webauthn:extension:largeBlob: true, webauthn:virtualAuthenticators: true}
Session ID: 2da38253ca552e65b32bd223cacdc56b
*** Element info: {Using=css selector, value=a[href $= 'pinkboard-114']}
20:39:40. INFO  manager.MyListener - org.openqa.selenium.NoSuchElementException: no such element: Unable to locate element: {"method":"css selector","selector":"a[href $= 'pinkboard-114']"}
  (Session info: chrome=108.0.5359.124)
For documentation on this error, please visit: https://www.seleniumhq.org/exceptions/no_such_element.html
Build info: version: '3.141.59', revision: 'e82be7d358', time: '2018-11-14T08:17:03'
System info: host: 'MacBook-Pro-Taya.local', ip: '192.168.0.104', os.name: 'Mac OS X', os.arch: 'x86_64', os.version: '10.16', java.version: '1.8.0_151'
Driver info: org.openqa.selenium.chrome.ChromeDriver
Capabilities {acceptInsecureCerts: false, browserName: chrome, browserVersion: 108.0.5359.124, chrome: {chromedriverVersion: 107.0.5304.62 (1eec40d3a576..., userDataDir: /var/folders/s_/hl4vhy0959g...}, goog:chromeOptions: {debuggerAddress: localhost:51488}, javascriptEnabled: true, networkConnectionEnabled: false, pageLoadStrategy: normal, platform: MAC, platformName: MAC, proxy: Proxy(), setWindowRect: true, strictFileInteractability: false, timeouts: {implicit: 0, pageLoad: 300000, script: 30000}, unhandledPromptBehavior: dismiss and notify, webauthn:extension:credBlob: true, webauthn:extension:largeBlob: true, webauthn:virtualAuthenticators: true}
Session ID: 2da38253ca552e65b32bd223cacdc56b
*** Element info: {Using=css selector, value=a[href $= 'pinkboard-114']}
20:39:46. INFO  manager.MyListener - Screenshot with throwable -->src/test/screenshots/screenshot-2380.png
