20:36:08. INFO  manager.MyListener - Start search element by locator --->By.cssSelector: button[data-testid='header-member-menu-button']
20:36:13. INFO  manager.MyListener - The element with locator --->By.cssSelector: button[data-testid='header-member-menu-button']was found
20:36:15. INFO  manager.MyListener - Start search element by locator --->By.cssSelector: a[href='/login']
20:36:15. INFO  manager.MyListener - The element with locator --->By.cssSelector: a[href='/login']was found
20:36:18. INFO  manager.MyListener - Start search element by locator --->By.cssSelector: button.username-change
20:36:18. INFO  manager.MyListener - The element with locator --->By.cssSelector: button.username-changewas found
20:36:18. INFO  manager.MyListener - Start search element by locator --->By.name: user
20:36:18. INFO  manager.MyListener - The element with locator --->By.name: userwas found
20:36:19. INFO  manager.MyListener - Start search element by locator --->By.id: login
20:36:19. INFO  manager.MyListener - The element with locator --->By.id: loginwas found
20:36:21. INFO  manager.MyListener - Start search element by locator --->By.id: password
20:36:23. INFO  manager.MyListener - The element with locator --->By.id: passwordwas found
20:36:24. INFO  manager.MyListener - Start search element by locator --->By.id: login-submit
20:36:24. INFO  manager.MyListener - The element with locator --->By.id: login-submitwas found
20:36:25. INFO  manager.MyListener - Start search element by locator --->By.cssSelector: button[data-testid='header-member-menu-button']
20:36:35. INFO  manager.MyListener - The element with locator --->By.cssSelector: button[data-testid='header-member-menu-button']was found
20:36:35. INFO  tests.TestBase - Tests start with board --> Board(title=PinkBoard-147, color=Pink)
20:36:35. INFO  manager.MyListener - Start search element by locator --->By.cssSelector: li[data-testid='create-board-tile']
20:36:35. INFO  manager.MyListener - The element with locator --->By.cssSelector: li[data-testid='create-board-tile']was found
20:36:35. INFO  manager.MyListener - Start search element by locator --->By.cssSelector: [data-testid='create-board-title-input']
20:36:36. INFO  manager.MyListener - The element with locator --->By.cssSelector: [data-testid='create-board-title-input']was found
20:36:38. INFO  manager.MyListener - Start search element by locator --->By.cssSelector: #background-picker>ul:last-child>li:last-child
20:36:38. INFO  manager.MyListener - The element with locator --->By.cssSelector: #background-picker>ul:last-child>li:last-childwas found
20:36:38. INFO  manager.MyListener - Start search element by locator --->By.xpath: //div[@title='Pink']
20:36:38. INFO  manager.MyListener - The element with locator --->By.xpath: //div[@title='Pink']was found
20:36:38. INFO  manager.MyListener - Start search element by locator --->By.xpath: //button[text()='Create']
20:36:38. INFO  manager.MyListener - The element with locator --->By.xpath: //button[text()='Create']was found
20:36:50. INFO  manager.MyListener - Start search element by locator --->By.cssSelector: a[href $= 'pinkboard-147']
20:36:51. INFO  manager.MyListener - The element with locator --->By.cssSelector: a[href $= 'pinkboard-147']was found
