14:18:20. INFO  manager.MyListener - Start search element by locator --->By.cssSelector: button[data-testid='header-member-menu-button']
14:18:26. INFO  manager.MyListener - The element with locator --->By.cssSelector: button[data-testid='header-member-menu-button']was found
14:18:28. INFO  manager.MyListener - Start search element by locator --->By.cssSelector: a[href='/login']
14:18:28. INFO  manager.MyListener - The element with locator --->By.cssSelector: a[href='/login']was found
14:18:31. INFO  manager.MyListener - Start search element by locator --->By.cssSelector: button.username-change
14:18:31. INFO  manager.MyListener - The element with locator --->By.cssSelector: button.username-changewas found
14:18:31. INFO  manager.MyListener - Start search element by locator --->By.name: user
14:18:31. INFO  manager.MyListener - The element with locator --->By.name: userwas found
14:18:31. INFO  manager.MyListener - Start search element by locator --->By.id: login
14:18:31. INFO  manager.MyListener - The element with locator --->By.id: loginwas found
14:18:33. INFO  manager.MyListener - Start search element by locator --->By.id: password
14:18:35. INFO  manager.MyListener - The element with locator --->By.id: passwordwas found
14:18:35. INFO  manager.MyListener - Start search element by locator --->By.id: login-submit
14:18:35. INFO  manager.MyListener - The element with locator --->By.id: login-submitwas found
14:18:35. INFO  manager.MyListener - Start search element by locator --->By.cssSelector: button[data-testid='header-member-menu-button']
14:18:44. INFO  manager.MyListener - The element with locator --->By.cssSelector: button[data-testid='header-member-menu-button']was found
14:18:44. INFO  manager.MyListener - Start search element by locator --->By.cssSelector: button[data-testid='header-member-menu-button']
14:18:44. INFO  manager.MyListener - The element with locator --->By.cssSelector: button[data-testid='header-member-menu-button']was found
14:18:45. INFO  manager.MyListener - Start search element by locator --->By.cssSelector: a[data-testid='account-menu-profile']
14:18:45. INFO  manager.MyListener - The element with locator --->By.cssSelector: a[data-testid='account-menu-profile']was found
14:18:45. INFO  manager.MyListener - Start search element by locator --->By.xpath: //a[text()='Atlassian profile']
14:18:46. INFO  manager.MyListener - The element with locator --->By.xpath: //a[text()='Atlassian profile']was found
14:18:48. INFO  manager.MyListener - Start search element by locator --->By.cssSelector: [data-test-selector='profile-hover-info']
14:18:50. INFO  manager.MyListener - The element with locator --->By.cssSelector: [data-test-selector='profile-hover-info']was found
14:18:51. INFO  manager.MyListener - Start search element by locator --->By.xpath: //*[text()='Change profile photo']
14:18:51. INFO  manager.MyListener - The element with locator --->By.xpath: //*[text()='Change profile photo']was found
14:18:51. INFO  manager.MyListener - Start search element by locator --->By.id: image-input
14:18:52. INFO  manager.MyListener - The element with locator --->By.id: image-inputwas found
14:18:52. INFO  manager.MyListener - Start search element by locator --->By.xpath: //button/span[text()='Upload']
14:18:52. INFO  manager.MyListener - The element with locator --->By.xpath: //button/span[text()='Upload']was found
14:18:53. INFO  manager.MyListener - Start search element by locator --->By.xpath: //span[text()='Avatar added']
14:18:56. INFO  manager.MyListener - The element with locator --->By.xpath: //span[text()='Avatar added']was found
14:18:56. INFO  manager.MyListener - Start search element by locator --->By.cssSelector: [aria-label='Back to home']
14:18:56. INFO  manager.MyListener - The element with locator --->By.cssSelector: [aria-label='Back to home']was found
