19:59:48. INFO  manager.MyListener - Start search element by locator --->By.cssSelector: button[data-testid='header-member-menu-button']
19:59:53. INFO  manager.MyListener - The element with locator --->By.cssSelector: button[data-testid='header-member-menu-button']was found
19:59:55. INFO  manager.MyListener - Start search element by locator --->By.cssSelector: a[href='/login']
19:59:55. INFO  manager.MyListener - The element with locator --->By.cssSelector: a[href='/login']was found
19:59:58. INFO  manager.MyListener - Start search element by locator --->By.cssSelector: button.username-change
19:59:58. INFO  manager.MyListener - The element with locator --->By.cssSelector: button.username-changewas found
19:59:58. INFO  manager.MyListener - Start search element by locator --->By.name: user
19:59:58. INFO  manager.MyListener - The element with locator --->By.name: userwas found
19:59:59. INFO  manager.MyListener - Start search element by locator --->By.id: login
19:59:59. INFO  manager.MyListener - The element with locator --->By.id: loginwas found
20:00:01. INFO  manager.MyListener - Start search element by locator --->By.id: password
20:00:06. INFO  manager.MyListener - The element with locator --->By.id: passwordwas found
20:00:08. INFO  manager.MyListener - Start search element by locator --->By.id: login-submit
20:00:08. INFO  manager.MyListener - The element with locator --->By.id: login-submitwas found
20:00:08. INFO  manager.MyListener - Start search element by locator --->By.cssSelector: button[data-testid='header-member-menu-button']
20:00:19. INFO  manager.MyListener - The element with locator --->By.cssSelector: button[data-testid='header-member-menu-button']was found
20:00:19. INFO  tests.TestBase - Tests start with board --> Board(title=PinkBoard-139, color=Pink)
20:00:19. INFO  manager.MyListener - Start search element by locator --->By.cssSelector: li[data-testid='create-board-tile']
20:00:19. INFO  manager.MyListener - The element with locator --->By.cssSelector: li[data-testid='create-board-tile']was found
20:00:19. INFO  manager.MyListener - Start search element by locator --->By.cssSelector: [data-testid='create-board-title-input']
20:00:20. INFO  manager.MyListener - The element with locator --->By.cssSelector: [data-testid='create-board-title-input']was found
20:00:21. INFO  manager.MyListener - Start search element by locator --->By.cssSelector: #background-picker>ul:last-child>li:last-child
20:00:21. INFO  manager.MyListener - The element with locator --->By.cssSelector: #background-picker>ul:last-child>li:last-childwas found
20:00:21. INFO  manager.MyListener - Start search element by locator --->By.xpath: //div[@title='Pink']
20:00:21. INFO  manager.MyListener - The element with locator --->By.xpath: //div[@title='Pink']was found
20:00:22. INFO  manager.MyListener - Start search element by locator --->By.xpath: //button[text()='Create']
20:00:22. INFO  manager.MyListener - The element with locator --->By.xpath: //button[text()='Create']was found
20:00:23. INFO  manager.MyListener - Something went wrong!!!
20:00:23. INFO  manager.MyListener - element click intercepted: Element <button class="G2lWjDVJsvar3H Ts+YceGnvTbKoG HPCwi137Em5EYI JIXQq8gDYY04N6" type="button" data-testid="create-board-submit-button">...</button> is not clickable at point (1218, 639). Other element would receive the click: <div tabindex="-1" class="gJnViNu1Yqy4Og pt-0" style="max-height: 638px;">...</div>
  (Session info: chrome=108.0.5359.124)
Build info: version: '3.141.59', revision: 'e82be7d358', time: '2018-11-14T08:17:03'
System info: host: 'MacBook-Pro-Taya.local', ip: '192.168.0.104', os.name: 'Mac OS X', os.arch: 'x86_64', os.version: '10.16', java.version: '1.8.0_151'
Driver info: org.openqa.selenium.chrome.ChromeDriver
Capabilities {acceptInsecureCerts: false, browserName: chrome, browserVersion: 108.0.5359.124, chrome: {chromedriverVersion: 107.0.5304.62 (1eec40d3a576..., userDataDir: /var/folders/s_/hl4vhy0959g...}, goog:chromeOptions: {debuggerAddress: localhost:54486}, javascriptEnabled: true, networkConnectionEnabled: false, pageLoadStrategy: normal, platform: MAC, platformName: MAC, proxy: Proxy(), setWindowRect: true, strictFileInteractability: false, timeouts: {implicit: 0, pageLoad: 300000, script: 30000}, unhandledPromptBehavior: dismiss and notify, webauthn:extension:credBlob: true, webauthn:extension:largeBlob: true, webauthn:virtualAuthenticators: true}
Session ID: 33143f528073f16b10f32b8745e4511c
20:00:23. INFO  manager.MyListener - org.openqa.selenium.ElementClickInterceptedException: element click intercepted: Element <button class="G2lWjDVJsvar3H Ts+YceGnvTbKoG HPCwi137Em5EYI JIXQq8gDYY04N6" type="button" data-testid="create-board-submit-button">...</button> is not clickable at point (1218, 639). Other element would receive the click: <div tabindex="-1" class="gJnViNu1Yqy4Og pt-0" style="max-height: 638px;">...</div>
  (Session info: chrome=108.0.5359.124)
Build info: version: '3.141.59', revision: 'e82be7d358', time: '2018-11-14T08:17:03'
System info: host: 'MacBook-Pro-Taya.local', ip: '192.168.0.104', os.name: 'Mac OS X', os.arch: 'x86_64', os.version: '10.16', java.version: '1.8.0_151'
Driver info: org.openqa.selenium.chrome.ChromeDriver
Capabilities {acceptInsecureCerts: false, browserName: chrome, browserVersion: 108.0.5359.124, chrome: {chromedriverVersion: 107.0.5304.62 (1eec40d3a576..., userDataDir: /var/folders/s_/hl4vhy0959g...}, goog:chromeOptions: {debuggerAddress: localhost:54486}, javascriptEnabled: true, networkConnectionEnabled: false, pageLoadStrategy: normal, platform: MAC, platformName: MAC, proxy: Proxy(), setWindowRect: true, strictFileInteractability: false, timeouts: {implicit: 0, pageLoad: 300000, script: 30000}, unhandledPromptBehavior: dismiss and notify, webauthn:extension:credBlob: true, webauthn:extension:largeBlob: true, webauthn:virtualAuthenticators: true}
Session ID: 33143f528073f16b10f32b8745e4511c
20:00:24. INFO  manager.MyListener - Screenshot with throwable -->src/test/screenshots/screenshot-23.png
