19:42:04. INFO  manager.MyListener - Start search element by locator --->By.cssSelector: button[data-testid='header-member-menu-button']
19:42:09. INFO  manager.MyListener - The element with locator --->By.cssSelector: button[data-testid='header-member-menu-button']was found
19:42:11. INFO  manager.MyListener - Start search element by locator --->By.cssSelector: a[href='/login']
19:42:11. INFO  manager.MyListener - The element with locator --->By.cssSelector: a[href='/login']was found
19:42:13. INFO  manager.MyListener - Start search element by locator --->By.cssSelector: button.username-change
19:42:13. INFO  manager.MyListener - The element with locator --->By.cssSelector: button.username-changewas found
19:42:13. INFO  manager.MyListener - Start search element by locator --->By.name: user
19:42:13. INFO  manager.MyListener - The element with locator --->By.name: userwas found
19:42:13. INFO  manager.MyListener - Start search element by locator --->By.id: login
19:42:13. INFO  manager.MyListener - The element with locator --->By.id: loginwas found
19:42:16. INFO  manager.MyListener - Start search element by locator --->By.id: password
19:42:16. INFO  manager.MyListener - The element with locator --->By.id: passwordwas found
19:42:17. INFO  manager.MyListener - Start search element by locator --->By.id: login-submit
19:42:17. INFO  manager.MyListener - The element with locator --->By.id: login-submitwas found
19:42:18. INFO  manager.MyListener - Start search element by locator --->By.cssSelector: button[data-testid='header-member-menu-button']
19:42:26. INFO  manager.MyListener - The element with locator --->By.cssSelector: button[data-testid='header-member-menu-button']was found
19:42:26. INFO  manager.MyListener - Start search element by locator --->By.cssSelector: button[data-testid='header-member-menu-button']
19:42:26. INFO  manager.MyListener - The element with locator --->By.cssSelector: button[data-testid='header-member-menu-button']was found
19:42:26. INFO  manager.MyListener - Start search element by locator --->By.cssSelector: [data-testid='header-member-menu-profile']
19:42:26. INFO  manager.MyListener - The element with locator --->By.cssSelector: [data-testid='header-member-menu-profile']was found
19:42:26. INFO  manager.MyListener - Start search element by locator --->By.xpath: //a[text()='Atlassian profile']
19:42:27. INFO  manager.MyListener - The element with locator --->By.xpath: //a[text()='Atlassian profile']was found
19:42:30. INFO  manager.MyListener - Start search element by locator --->By.cssSelector: [data-test-selector='profile-hover-info']
19:42:31. INFO  manager.MyListener - The element with locator --->By.cssSelector: [data-test-selector='profile-hover-info']was found
19:42:31. INFO  manager.MyListener - Start search element by locator --->By.xpath: //*[text()='Change profile photo']
19:42:31. INFO  manager.MyListener - The element with locator --->By.xpath: //*[text()='Change profile photo']was found
19:42:31. INFO  manager.MyListener - Start search element by locator --->By.id: image-input
19:42:32. INFO  manager.MyListener - The element with locator --->By.id: image-inputwas found
19:42:32. INFO  manager.MyListener - Start search element by locator --->By.xpath: //button/span[text()='Upload']
19:42:32. INFO  manager.MyListener - The element with locator --->By.xpath: //button/span[text()='Upload']was found
19:42:33. INFO  manager.MyListener - Start search element by locator --->By.xpath: //span[text()='Avatar added']
19:42:36. INFO  manager.MyListener - The element with locator --->By.xpath: //span[text()='Avatar added']was found
